
2024/10/15 (20:23:08) | ===> btop++ v.1.4.0
2024/10/15 (20:23:08) | WARNING: Intel GPU: Failed to initialize PMU

2024/10/15 (20:46:57) | ===> btop++ v.1.4.0
2024/10/15 (20:46:57) | WARNING: NVML: Failed to get maximum GPU power draw, defaulting to 225W: Not Supported
2024/10/15 (20:46:57) | WARNING: Intel GPU: Failed to initialize PMU

2024/10/15 (20:50:43) | ===> btop++ v.1.4.0
2024/10/15 (20:50:43) | WARNING: NVML: Failed to get maximum GPU power draw, defaulting to 225W: Not Supported
2024/10/15 (20:50:43) | WARNING: Intel GPU: Failed to initialize PMU

2024/10/15 (20:51:22) | ===> btop++ v.1.4.0
2024/10/15 (20:51:22) | WARNING: NVML: Failed to get maximum GPU power draw, defaulting to 225W: Not Supported
2024/10/15 (20:51:22) | WARNING: Intel GPU: Failed to initialize PMU

2024/10/15 (21:00:43) | ===> btop++ v.1.4.0
2024/10/15 (21:00:43) | WARNING: NVML: Failed to get maximum GPU power draw, defaulting to 225W: Not Supported
2024/10/15 (21:00:43) | WARNING: Intel GPU: Failed to initialize PMU

2024/10/16 (06:34:30) | ===> btop++ v.1.4.0
2024/10/16 (06:34:30) | WARNING: NVML: Failed to get maximum GPU power draw, defaulting to 225W: Not Supported
2024/10/16 (06:34:30) | WARNING: Intel GPU: Failed to initialize PMU
2024/10/16 (14:38:03) | ERROR: Stall in Runner thread, restarting!

2024/10/16 (14:38:20) | ===> btop++ v.1.4.0
2024/10/16 (14:38:20) | WARNING: NVML: Failed to get maximum GPU power draw, defaulting to 225W: Not Supported
2024/10/16 (14:38:20) | WARNING: Intel GPU: Failed to initialize PMU
2024/10/16 (14:40:50) | ERROR: Stall in Runner thread, restarting!

2024/10/16 (14:47:07) | ===> btop++ v.1.4.0
2024/10/16 (14:47:07) | WARNING: NVML: Failed to get maximum GPU power draw, defaulting to 225W: Not Supported
2024/10/16 (14:47:07) | WARNING: Intel GPU: Failed to initialize PMU
2024/10/16 (14:47:55) | ERROR: Stall in Runner thread, restarting!

2024/10/18 (04:28:36) | ===> btop++ v.1.4.0
2024/10/18 (04:28:36) | WARNING: NVML: Failed to get maximum GPU power draw, defaulting to 225W: Not Supported
2024/10/18 (04:28:36) | WARNING: Intel GPU: Failed to initialize PMU
2024/10/18 (15:13:34) | ERROR: Stall in Runner thread, restarting!

2024/10/18 (16:37:06) | ===> btop++ v.1.4.0
2024/10/18 (16:37:06) | WARNING: NVML: Failed to get maximum GPU power draw, defaulting to 225W: Not Supported
2024/10/18 (16:37:06) | WARNING: Intel GPU: Failed to initialize PMU

2024/10/29 (19:32:42) | ===> btop++ v.1.4.0
2024/10/29 (19:32:42) | WARNING: NVML: Failed to get maximum GPU power draw, defaulting to 225W: Not Supported
2024/10/29 (19:32:42) | WARNING: Intel GPU: Failed to initialize PMU

2024/10/30 (19:47:13) | ===> btop++ v.1.4.0
2024/10/30 (19:47:13) | WARNING: NVML: Failed to get maximum GPU power draw, defaulting to 225W: Not Supported
2024/10/30 (19:47:13) | WARNING: Intel GPU: Failed to initialize PMU

2024/11/01 (18:48:50) | ===> btop++ v.1.4.0
2024/11/01 (18:48:50) | WARNING: Intel GPU: Failed to initialize PMU

2024/11/01 (19:09:17) | ===> btop++ v.1.4.0
2024/11/01 (19:09:17) | WARNING: NVML: Failed to get maximum GPU power draw, defaulting to 225W: Not Supported
2024/11/01 (19:09:17) | WARNING: Intel GPU: Failed to initialize PMU

2024/11/01 (19:09:55) | ===> btop++ v.1.4.0
2024/11/01 (19:09:55) | WARNING: NVML: Failed to get maximum GPU power draw, defaulting to 225W: Not Supported
2024/11/01 (19:09:55) | WARNING: Intel GPU: Failed to initialize PMU
2024/11/01 (20:39:12) | ERROR: Stall in Runner thread, restarting!

2024/11/02 (00:15:21) | ===> btop++ v.1.4.0
2024/11/02 (00:15:21) | WARNING: NVML: Failed to get maximum GPU power draw, defaulting to 225W: Not Supported
2024/11/02 (00:15:21) | WARNING: Intel GPU: Failed to initialize PMU

2024/11/02 (14:28:00) | ===> btop++ v.1.4.0
2024/11/02 (14:28:00) | WARNING: NVML: Failed to get maximum GPU power draw, defaulting to 225W: Not Supported
2024/11/02 (14:28:00) | WARNING: Intel GPU: Failed to initialize PMU

2024/11/11 (16:01:10) | ===> btop++ v.1.4.0
2024/11/11 (16:01:10) | WARNING: NVML: Failed to get maximum GPU power draw, defaulting to 225W: Not Supported
2024/11/11 (16:01:10) | WARNING: Intel GPU: Failed to initialize PMU

2024/11/11 (20:25:33) | ===> btop++ v.1.4.0
2024/11/11 (20:25:33) | WARNING: NVML: Failed to get maximum GPU power draw, defaulting to 225W: Not Supported
2024/11/11 (20:25:33) | WARNING: Intel GPU: Failed to initialize PMU

2024/11/11 (20:27:24) | ===> btop++ v.1.4.0
2024/11/11 (20:27:24) | WARNING: NVML: Failed to get maximum GPU power draw, defaulting to 225W: Not Supported
2024/11/11 (20:27:24) | WARNING: Intel GPU: Failed to initialize PMU

2024/11/11 (20:42:37) | ===> btop++ v.1.4.0
2024/11/11 (20:42:37) | WARNING: NVML: Failed to get maximum GPU power draw, defaulting to 225W: Not Supported
2024/11/11 (20:42:37) | WARNING: Intel GPU: Failed to initialize PMU

2024/11/12 (00:45:34) | ===> btop++ v.1.4.0
2024/11/12 (00:45:34) | WARNING: NVML: Failed to get maximum GPU power draw, defaulting to 225W: Not Supported
2024/11/12 (00:45:34) | WARNING: Intel GPU: Failed to initialize PMU

2024/11/12 (01:19:37) | ===> btop++ v.1.4.0
2024/11/12 (01:19:37) | WARNING: NVML: Failed to get maximum GPU power draw, defaulting to 225W: Not Supported
2024/11/12 (01:19:37) | WARNING: Intel GPU: Failed to initialize PMU

2024/11/12 (01:22:02) | ===> btop++ v.1.4.0
2024/11/12 (01:22:02) | WARNING: NVML: Failed to get maximum GPU power draw, defaulting to 225W: Not Supported
2024/11/12 (01:22:02) | WARNING: Intel GPU: Failed to initialize PMU

2024/11/13 (19:48:29) | ===> btop++ v.1.4.0
2024/11/13 (19:48:29) | WARNING: NVML: Failed to get maximum GPU power draw, defaulting to 225W: Not Supported
2024/11/13 (19:48:29) | WARNING: Intel GPU: Failed to initialize PMU

2024/11/13 (19:49:23) | ===> btop++ v.1.4.0
2024/11/13 (19:49:23) | WARNING: NVML: Failed to get maximum GPU power draw, defaulting to 225W: Not Supported
2024/11/13 (19:49:23) | WARNING: Intel GPU: Failed to initialize PMU

2024/11/21 (21:51:57) | ===> btop++ v.1.4.0
2024/11/21 (21:51:57) | WARNING: NVML: Failed to get maximum GPU power draw, defaulting to 225W: Not Supported
2024/11/21 (21:51:57) | WARNING: Intel GPU: Failed to initialize PMU

2024/11/22 (02:40:37) | ===> btop++ v.1.4.0
2024/11/22 (02:40:37) | WARNING: NVML: Failed to get maximum GPU power draw, defaulting to 225W: Not Supported
2024/11/22 (02:40:37) | WARNING: Intel GPU: Failed to initialize PMU

2024/11/24 (17:29:31) | ===> btop++ v.1.4.0
2024/11/24 (17:29:31) | WARNING: NVML: Failed to get maximum GPU power draw, defaulting to 225W: Not Supported
2024/11/24 (17:29:31) | WARNING: Intel GPU: Failed to initialize PMU

2024/11/24 (17:38:57) | ===> btop++ v.1.4.0
2024/11/24 (17:38:57) | WARNING: NVML: Failed to get maximum GPU power draw, defaulting to 225W: Not Supported
2024/11/24 (17:38:57) | WARNING: Intel GPU: Failed to initialize PMU

2024/11/30 (23:53:09) | ===> btop++ v.1.4.0
2024/11/30 (23:53:09) | WARNING: NVML: Failed to get maximum GPU power draw, defaulting to 225W: Not Supported
2024/11/30 (23:53:09) | WARNING: Intel GPU: Failed to initialize PMU

2024/12/01 (05:17:54) | ===> btop++ v.1.4.0
2024/12/01 (05:17:54) | WARNING: NVML: Failed to get maximum GPU power draw, defaulting to 225W: Not Supported
2024/12/01 (05:17:54) | WARNING: Intel GPU: Failed to initialize PMU

2024/12/01 (05:18:05) | ===> btop++ v.1.4.0
2024/12/01 (05:18:05) | WARNING: NVML: Failed to get maximum GPU power draw, defaulting to 225W: Not Supported
2024/12/01 (05:18:05) | WARNING: Intel GPU: Failed to initialize PMU

2024/12/05 (15:56:31) | ===> btop++ v.1.4.0
2024/12/05 (15:56:31) | WARNING: NVML: Failed to get maximum GPU power draw, defaulting to 225W: Not Supported
2024/12/05 (15:56:31) | WARNING: Intel GPU: Failed to initialize PMU

2024/12/08 (21:17:11) | ===> btop++ v.1.4.0
2024/12/08 (21:17:11) | WARNING: Intel GPU: Failed to initialize PMU

2024/12/10 (23:29:03) | ===> btop++ v.1.4.0
2024/12/10 (23:29:03) | WARNING: Intel GPU: Failed to initialize PMU

2024/12/13 (17:47:56) | ===> btop++ v.1.4.0
2024/12/13 (17:47:56) | WARNING: NVML: Failed to get maximum GPU power draw, defaulting to 225W: Not Supported
2024/12/13 (17:47:56) | WARNING: Intel GPU: Failed to initialize PMU
2024/12/13 (19:10:59) | ERROR: Stall in Runner thread, restarting!

2024/12/13 (22:55:22) | ===> btop++ v.1.4.0
2024/12/13 (22:55:22) | WARNING: NVML: Failed to get maximum GPU power draw, defaulting to 225W: Not Supported
2024/12/13 (22:55:22) | WARNING: Intel GPU: Failed to initialize PMU

2024/12/16 (07:06:00) | ===> btop++ v.1.4.0
2024/12/16 (07:06:00) | WARNING: NVML: Failed to get maximum GPU power draw, defaulting to 225W: Not Supported
2024/12/16 (07:06:00) | WARNING: Intel GPU: Failed to initialize PMU
2024/12/19 (00:34:12) | ERROR: Stall in Runner thread, restarting!
2024/12/19 (00:34:18) | ERROR: Stall in Runner thread, restarting!
2024/12/19 (00:34:24) | ERROR: Stall in Runner thread, restarting!
2024/12/19 (00:34:30) | ERROR: Stall in Runner thread, restarting!
2024/12/19 (00:34:36) | ERROR: Stall in Runner thread, restarting!
2024/12/19 (00:34:42) | ERROR: Stall in Runner thread, restarting!
2024/12/19 (00:34:48) | ERROR: Stall in Runner thread, restarting!
2024/12/19 (00:35:12) | ERROR: Stall in Runner thread, restarting!
2024/12/19 (00:35:18) | ERROR: Stall in Runner thread, restarting!
2024/12/19 (00:35:24) | ERROR: Stall in Runner thread, restarting!
2024/12/19 (00:35:30) | ERROR: Stall in Runner thread, restarting!
2024/12/19 (00:35:36) | ERROR: Stall in Runner thread, restarting!
2024/12/19 (00:35:42) | ERROR: Stall in Runner thread, restarting!
2024/12/19 (00:35:48) | ERROR: Stall in Runner thread, restarting!
2024/12/19 (00:35:54) | ERROR: Stall in Runner thread, restarting!
2024/12/19 (00:36:00) | ERROR: Stall in Runner thread, restarting!

2024/12/19 (03:50:01) | ===> btop++ v.1.4.0
2024/12/19 (03:50:01) | WARNING: NVML: Failed to get maximum GPU power draw, defaulting to 225W: Not Supported
2024/12/19 (03:50:01) | WARNING: Intel GPU: Failed to initialize PMU
2024/12/19 (09:14:25) | ERROR: Couldn't determine terminal size of "STDOUT_FILENO"!
2024/12/19 (09:14:25) | ERROR: Couldn't determine terminal size of "/dev/tty"!

2024/12/19 (12:35:44) | ===> btop++ v.1.4.0
2024/12/19 (12:35:44) | WARNING: NVML: Failed to get maximum GPU power draw, defaulting to 225W: Not Supported
2024/12/19 (12:35:44) | WARNING: Intel GPU: Failed to initialize PMU
2024/12/19 (13:40:58) | ERROR: Stall in Runner thread, restarting!

2024/12/19 (18:55:46) | ===> btop++ v.1.4.0
2024/12/19 (18:55:46) | WARNING: NVML: Failed to get maximum GPU power draw, defaulting to 225W: Not Supported
2024/12/19 (18:55:46) | WARNING: Intel GPU: Failed to initialize PMU

2024/12/20 (06:06:29) | ===> btop++ v.1.4.0
2024/12/20 (06:06:29) | WARNING: NVML: Failed to get maximum GPU power draw, defaulting to 225W: Not Supported
2024/12/20 (06:06:29) | WARNING: Intel GPU: Failed to initialize PMU
2024/12/21 (11:31:43) | ERROR: Stall in Runner thread, restarting!
2024/12/21 (19:49:11) | ERROR: Runner thread died unexpectedly!

2024/12/21 (19:49:15) | ===> btop++ v.1.4.0
2024/12/21 (19:49:15) | WARNING: NVML: Failed to get maximum GPU power draw, defaulting to 225W: Not Supported
2024/12/21 (19:49:15) | WARNING: Intel GPU: Failed to initialize PMU

2024/12/21 (20:53:28) | ===> btop++ v.1.4.0
2024/12/21 (20:53:28) | WARNING: NVML: Failed to get maximum GPU power draw, defaulting to 225W: Not Supported
2024/12/21 (20:53:28) | WARNING: Intel GPU: Failed to initialize PMU
2024/12/22 (00:15:18) | ERROR: Stall in Runner thread, restarting!

2024/12/22 (00:47:18) | ===> btop++ v.1.4.0
2024/12/22 (00:47:18) | WARNING: NVML: Failed to get maximum GPU power draw, defaulting to 225W: Not Supported
2024/12/22 (00:47:18) | WARNING: Intel GPU: Failed to initialize PMU
2024/12/22 (00:47:48) | ERROR: Stall in Runner thread, restarting!

2024/12/22 (00:48:44) | ===> btop++ v.1.4.0
2024/12/22 (00:48:44) | WARNING: NVML: Failed to get maximum GPU power draw, defaulting to 225W: Not Supported
2024/12/22 (00:48:44) | WARNING: Intel GPU: Failed to initialize PMU
2024/12/22 (01:07:00) | ERROR: Stall in Runner thread, restarting!

2024/12/22 (01:07:11) | ===> btop++ v.1.4.0
2024/12/22 (01:07:11) | WARNING: NVML: Failed to get maximum GPU power draw, defaulting to 225W: Not Supported
2024/12/22 (01:07:11) | WARNING: Intel GPU: Failed to initialize PMU
2024/12/22 (09:27:38) | ERROR: Stall in Runner thread, restarting!
2024/12/22 (12:15:14) | ERROR: Stall in Runner thread, restarting!
2024/12/23 (16:19:53) | ERROR: Runner thread died unexpectedly!

2024/12/23 (16:19:56) | ===> btop++ v.1.4.0
2024/12/23 (16:19:56) | WARNING: NVML: Failed to get maximum GPU power draw, defaulting to 225W: Not Supported
2024/12/23 (16:19:56) | WARNING: Intel GPU: Failed to initialize PMU
2024/12/24 (00:47:54) | ERROR: Stall in Runner thread, restarting!
2024/12/24 (18:59:10) | ERROR: Runner thread died unexpectedly!

2024/12/24 (18:59:11) | ===> btop++ v.1.4.0
2024/12/24 (18:59:11) | WARNING: NVML: Failed to get maximum GPU power draw, defaulting to 225W: Not Supported
2024/12/24 (18:59:11) | WARNING: Intel GPU: Failed to initialize PMU
2024/12/25 (02:14:15) | ERROR: Stall in Runner thread, restarting!
2024/12/25 (21:27:05) | ERROR: Stall in Runner thread, restarting!

2024/12/31 (23:02:00) | ===> btop++ v.1.4.0
2024/12/31 (23:02:00) | WARNING: NVML: Failed to get maximum GPU power draw, defaulting to 225W: Not Supported
2024/12/31 (23:02:00) | WARNING: Intel GPU: Failed to initialize PMU

2024/12/31 (23:07:40) | ===> btop++ v.1.4.0
2024/12/31 (23:07:40) | WARNING: NVML: Failed to get maximum GPU power draw, defaulting to 225W: Not Supported
2024/12/31 (23:07:40) | WARNING: Intel GPU: Failed to initialize PMU

2025/01/01 (19:38:42) | ===> btop++ v.1.4.0
2025/01/01 (19:38:42) | WARNING: NVML: Failed to get maximum GPU power draw, defaulting to 225W: Not Supported
2025/01/01 (19:38:42) | WARNING: Intel GPU: Failed to initialize PMU
